{"__type":"$$EventMessageAudit","id":"1b3039b7-fc44-46c7-a6eb-b3f67d13f171","ts":"2025-09-06T14:07:01.305+00:00","eventName":"n8n.audit.user.login.success","message":"n8n.audit.user.login.success","payload":{"userId":"b679fddd-b91c-425b-ab7a-3dd7d2846256","_email":"alvin.wenjianhong@gmail.com","_firstName":"Alvin","_lastName":"Wen","globalRole":"global:owner","authenticationMethod":"email"}}
{"__type":"$$EventMessageConfirm","confirm":"1b3039b7-fc44-46c7-a6eb-b3f67d13f171","ts":"2025-09-06T14:07:01.305+00:00","source":{"id":"0","name":"eventBus"}}
{"__type":"$$EventMessageAudit","id":"7470adaa-c2e8-49a4-a769-88db411c44e1","ts":"2025-09-06T14:07:34.053+00:00","eventName":"n8n.audit.user.invited","message":"n8n.audit.user.invited","payload":{"userId":"b679fddd-b91c-425b-ab7a-3dd7d2846256","_email":"alvin.wenjianhong@gmail.com","_firstName":"Alvin","_lastName":"Wen","globalRole":"global:owner","targetUserId":["4cfefeb3-4156-4e6f-95e2-5a2093fff5aa"]}}
{"__type":"$$EventMessageConfirm","confirm":"7470adaa-c2e8-49a4-a769-88db411c44e1","ts":"2025-09-06T14:07:34.054+00:00","source":{"id":"0","name":"eventBus"}}
{"__type":"$$EventMessageAudit","id":"eb3d63ac-570e-45db-b4f3-b3efbb31c629","ts":"2025-09-06T14:07:56.516+00:00","eventName":"n8n.audit.user.invitation.accepted","message":"n8n.audit.user.invitation.accepted","payload":{"inviter":{"userId":"b679fddd-b91c-425b-ab7a-3dd7d2846256","_email":"alvin.wenjianhong@gmail.com","_firstName":"Alvin","_lastName":"Wen","globalRole":"global:owner"},"invitee":{"userId":"4cfefeb3-4156-4e6f-95e2-5a2093fff5aa","_email":"admin@gmail.com","_firstName":null,"_lastName":null,"globalRole":"global:member"}}}
{"__type":"$$EventMessageConfirm","confirm":"eb3d63ac-570e-45db-b4f3-b3efbb31c629","ts":"2025-09-06T14:07:56.516+00:00","source":{"id":"0","name":"eventBus"}}
{"__type":"$$EventMessageAudit","id":"3e58c2bf-d4cb-4e75-9454-0dcbae2bebd0","ts":"2025-09-06T14:08:25.262+00:00","eventName":"n8n.audit.user.signedup","message":"n8n.audit.user.signedup","payload":{"userId":"4cfefeb3-4156-4e6f-95e2-5a2093fff5aa","_email":"admin@gmail.com","_firstName":"Admin","_lastName":"Admin","globalRole":"global:member"}}
{"__type":"$$EventMessageConfirm","confirm":"3e58c2bf-d4cb-4e75-9454-0dcbae2bebd0","ts":"2025-09-06T14:08:25.262+00:00","source":{"id":"0","name":"eventBus"}}
{"__type":"$$EventMessageAudit","id":"3dcfb756-4681-4440-9e2f-b252751e1379","ts":"2025-09-06T14:09:25.548+00:00","eventName":"n8n.audit.user.login.success","message":"n8n.audit.user.login.success","payload":{"userId":"b679fddd-b91c-425b-ab7a-3dd7d2846256","_email":"alvin.wenjianhong@gmail.com","_firstName":"Alvin","_lastName":"Wen","globalRole":"global:owner","authenticationMethod":"email"}}
{"__type":"$$EventMessageConfirm","confirm":"3dcfb756-4681-4440-9e2f-b252751e1379","ts":"2025-09-06T14:09:25.548+00:00","source":{"id":"0","name":"eventBus"}}
{"__type":"$$EventMessageAudit","id":"cddb8a07-340b-45d1-90fc-4ab0aec15a0e","ts":"2025-09-06T14:10:12.037+00:00","eventName":"n8n.audit.user.login.failed","message":"n8n.audit.user.login.failed","payload":{"authenticationMethod":"email","userEmail":"alvin.wenjianhong@gmail.com","reason":"wrong credentials"}}
{"__type":"$$EventMessageConfirm","confirm":"cddb8a07-340b-45d1-90fc-4ab0aec15a0e","ts":"2025-09-06T14:10:12.037+00:00","source":{"id":"0","name":"eventBus"}}
{"__type":"$$EventMessageAudit","id":"1b59b4f2-687f-40b6-9ec0-bddc8f372017","ts":"2025-09-06T14:10:24.614+00:00","eventName":"n8n.audit.user.login.failed","message":"n8n.audit.user.login.failed","payload":{"authenticationMethod":"email","userEmail":"admin@gmail.com","reason":"wrong credentials"}}
{"__type":"$$EventMessageConfirm","confirm":"1b59b4f2-687f-40b6-9ec0-bddc8f372017","ts":"2025-09-06T14:10:24.614+00:00","source":{"id":"0","name":"eventBus"}}
{"__type":"$$EventMessageAudit","id":"ab41a968-f93a-430b-a409-e94a49f61502","ts":"2025-09-06T14:10:34.275+00:00","eventName":"n8n.audit.user.login.failed","message":"n8n.audit.user.login.failed","payload":{"authenticationMethod":"email","userEmail":"admin@gmail.com","reason":"wrong credentials"}}
{"__type":"$$EventMessageConfirm","confirm":"ab41a968-f93a-430b-a409-e94a49f61502","ts":"2025-09-06T14:10:34.275+00:00","source":{"id":"0","name":"eventBus"}}
{"__type":"$$EventMessageAudit","id":"7b0d033a-c78c-4514-8625-f23438e5a791","ts":"2025-09-06T14:10:43.251+00:00","eventName":"n8n.audit.user.login.failed","message":"n8n.audit.user.login.failed","payload":{"authenticationMethod":"email","userEmail":"admin@gmail.com","reason":"wrong credentials"}}
{"__type":"$$EventMessageConfirm","confirm":"7b0d033a-c78c-4514-8625-f23438e5a791","ts":"2025-09-06T14:10:43.252+00:00","source":{"id":"0","name":"eventBus"}}
{"__type":"$$EventMessageAudit","id":"e73dff3c-35ee-4d49-bf4c-b3728190ef99","ts":"2025-09-06T14:10:52.874+00:00","eventName":"n8n.audit.user.login.failed","message":"n8n.audit.user.login.failed","payload":{"authenticationMethod":"email","userEmail":"admin@gmail.com","reason":"wrong credentials"}}
{"__type":"$$EventMessageConfirm","confirm":"e73dff3c-35ee-4d49-bf4c-b3728190ef99","ts":"2025-09-06T14:10:52.874+00:00","source":{"id":"0","name":"eventBus"}}
{"__type":"$$EventMessageAudit","id":"4c47dbe5-0f22-4bb6-89b0-9165e9656ca6","ts":"2025-09-06T14:10:58.625+00:00","eventName":"n8n.audit.user.login.failed","message":"n8n.audit.user.login.failed","payload":{"authenticationMethod":"email","userEmail":"admin@gmail.com","reason":"wrong credentials"}}
{"__type":"$$EventMessageConfirm","confirm":"4c47dbe5-0f22-4bb6-89b0-9165e9656ca6","ts":"2025-09-06T14:10:58.625+00:00","source":{"id":"0","name":"eventBus"}}
{"__type":"$$EventMessageAudit","id":"dcedf46d-477a-4cf3-a8cb-15c4b4c1034b","ts":"2025-09-06T14:11:03.600+00:00","eventName":"n8n.audit.user.login.failed","message":"n8n.audit.user.login.failed","payload":{"authenticationMethod":"email","userEmail":"admin@gmail.com","reason":"wrong credentials"}}
{"__type":"$$EventMessageConfirm","confirm":"dcedf46d-477a-4cf3-a8cb-15c4b4c1034b","ts":"2025-09-06T14:11:03.600+00:00","source":{"id":"0","name":"eventBus"}}
{"__type":"$$EventMessageAudit","id":"a76e5541-5cd5-4750-beac-46103bdc8c17","ts":"2025-09-06T14:11:48.800+00:00","eventName":"n8n.audit.user.login.failed","message":"n8n.audit.user.login.failed","payload":{"authenticationMethod":"email","userEmail":"alvin.wenjianhong@gmail.com","reason":"wrong credentials"}}
{"__type":"$$EventMessageConfirm","confirm":"a76e5541-5cd5-4750-beac-46103bdc8c17","ts":"2025-09-06T14:11:48.800+00:00","source":{"id":"0","name":"eventBus"}}
{"__type":"$$EventMessageAudit","id":"5cb33a4b-1219-4b49-b6ba-f46268770be3","ts":"2025-09-06T14:11:58.775+00:00","eventName":"n8n.audit.user.login.success","message":"n8n.audit.user.login.success","payload":{"userId":"b679fddd-b91c-425b-ab7a-3dd7d2846256","_email":"alvin.wenjianhong@gmail.com","_firstName":"Alvin","_lastName":"Wen","globalRole":"global:owner","authenticationMethod":"email"}}
{"__type":"$$EventMessageConfirm","confirm":"5cb33a4b-1219-4b49-b6ba-f46268770be3","ts":"2025-09-06T14:11:58.775+00:00","source":{"id":"0","name":"eventBus"}}
